TN:
SF:/Users/user/Desktop/c-code/knui/packages/button/index.vue
FN:23,data
FN:30,validator
FN:42,validator
FN:60,btnClick
FNF:4
FNH:3
FNDA:4,data
FNDA:4,validator
FNDA:4,validator
FNDA:0,btnClick
DA:24,4
DA:31,4
DA:43,4
DA:61,0
LF:4
LH:3
BRF:0
BRH:0
end_of_record
TN:
SF:/Users/user/Desktop/c-code/knui/packages/pullRefresh/index.vue
FN:53,data
FN:64,mounted
FN:99,style
FN:108,untouchable
FN:113,onTouchStart
FN:120,onTouchMove
FN:127,onTouchEnd
FN:144,getStatus
FN:154,getScrollTop
FN:160,value
FNF:10
FNH:10
FNDA:3,data
FNDA:3,mounted
FNDA:20,style
FNDA:10,untouchable
FNDA:4,onTouchStart
FNDA:15,onTouchMove
FNDA:4,onTouchEnd
FNDA:15,getStatus
FNDA:4,getScrollTop
FNDA:2,value
DA:54,3
DA:65,3
DA:66,3
DA:100,20
DA:109,10
DA:115,4
DA:116,5
DA:117,3
DA:118,3
DA:121,20
DA:122,10
DA:123,10
DA:124,10
DA:128,5
DA:130,3
DA:131,1
DA:132,1
DA:133,1
DA:136,2
DA:137,2
DA:138,2
DA:139,2
DA:145,15
DA:146,15
DA:147,15
DA:148,9
DA:155,4
DA:156,4
DA:161,2
DA:162,2
LF:30
LH:30
BRDA:109,0,0,10
BRDA:109,0,1,8
BRDA:109,0,2,8
BRDA:115,1,0,0
BRDA:115,1,1,4
BRDA:116,2,0,1
BRDA:116,2,1,3
BRDA:121,3,0,5
BRDA:121,3,1,10
BRDA:122,4,0,10
BRDA:122,4,1,0
BRDA:128,5,0,1
BRDA:128,5,1,3
BRDA:130,6,0,1
BRDA:130,6,1,2
BRDA:146,7,0,13
BRDA:146,7,1,24
BRDA:147,8,0,9
BRDA:147,8,1,6
BRDA:155,9,0,4
BRDA:155,9,1,4
BRDA:155,9,2,4
BRDA:162,10,0,1
BRDA:162,10,1,1
BRF:24
BRH:22
end_of_record
TN:
SF:/Users/user/Desktop/c-code/knui/tests/jest.init.js
FNF:0
FNH:0
DA:1,3
LF:1
LH:1
BRF:0
BRH:0
end_of_record
TN:
SF:/Users/user/Desktop/c-code/knui/tests/utils.js
FN:11,getTouch
FN:27,trigger
FN:47,triggerDrag
FN:57,later
FN:58,(anonymous_4)
FN:63,transitionStub
FNF:6
FNH:3
FNDA:23,getTouch
FNDA:23,trigger
FNDA:3,triggerDrag
FNDA:0,later
FNDA:0,(anonymous_4)
FNDA:0,transitionStub
DA:5,1
DA:12,23
DA:28,23
DA:29,23
DA:31,23
DA:32,0
DA:35,23
DA:36,23
DA:37,23
DA:38,23
DA:39,23
DA:40,23
DA:41,23
DA:43,23
DA:48,3
DA:49,3
DA:50,3
DA:51,3
DA:52,3
DA:53,3
DA:58,0
DA:59,0
DA:64,0
LF:23
LH:19
BRDA:27,0,0,0
BRDA:27,1,0,0
BRDA:27,2,0,23
BRDA:28,3,0,23
BRDA:28,3,1,0
BRDA:29,4,0,23
BRDA:29,4,1,23
BRDA:31,5,0,0
BRDA:31,5,1,23
BRDA:31,6,0,23
BRDA:31,6,1,23
BRDA:47,7,0,0
BRDA:47,8,0,0
BRF:13
BRH:7
end_of_record
